code.c: In function ‘main’:
code.c:3:1: error: unknown type name ‘this’
code.c:5:4: error: expected ‘=’, ‘,’, ‘;’, ‘asm’ or ‘__attribute__’ before ‘new’
code.c:9:1: error: unknown type name ‘this’
code.c:9:9: error: expected ‘=’, ‘,’, ‘;’, ‘asm’ or ‘__attribute__’ before ‘real’
code.c:20:1: error: ‘hi’ undeclared (first use in this function)
code.c:20:1: note: each undeclared identifier is reported only once for each function it appears in
code.c:21:1: error: expected ‘;’ before ‘}’ token
