code.c:8:1: error: stray ‘#’ in program
code.c:8:1: error: unknown type name ‘dsau’
code.c:8:14: error: expected ‘=’, ‘,’, ‘;’, ‘asm’ or ‘__attribute__’ before ‘<’ token
code.c:14:1: error: stray ‘#’ in program
code.c:14:1: error: unknown type name ‘dsau’
code.c:14:14: error: expected ‘=’, ‘,’, ‘;’, ‘asm’ or ‘__attribute__’ before ‘<’ token
code.c:20:1: error: stray ‘#’ in program
code.c:20:1: error: unknown type name ‘dsau’
code.c:20:14: error: expected ‘=’, ‘,’, ‘;’, ‘asm’ or ‘__attribute__’ before ‘<’ token
code.c:26:1: error: stray ‘#’ in program
code.c:26:1: error: unknown type name ‘dsau’
code.c:26:14: error: expected ‘=’, ‘,’, ‘;’, ‘asm’ or ‘__attribute__’ before ‘<’ token
code.c:32:1: error: stray ‘#’ in program
code.c:32:1: error: unknown type name ‘dsau’
code.c:32:14: error: expected ‘=’, ‘,’, ‘;’, ‘asm’ or ‘__attribute__’ before ‘<’ token
code.c:38:1: error: stray ‘#’ in program
code.c:38:1: error: unknown type name ‘dsau’
code.c:38:14: error: expected ‘=’, ‘,’, ‘;’, ‘asm’ or ‘__attribute__’ before ‘<’ token
code.c:44:1: error: stray ‘#’ in program
code.c:44:1: error: unknown type name ‘dsau’
code.c:44:14: error: expected ‘=’, ‘,’, ‘;’, ‘asm’ or ‘__attribute__’ before ‘<’ token
code.c:50:1: error: stray ‘#’ in program
code.c:50:1: error: unknown type name ‘dsau’
code.c:50:14: error: expected ‘=’, ‘,’, ‘;’, ‘asm’ or ‘__attribute__’ before ‘<’ token
code.c:56:1: error: stray ‘#’ in program
code.c:56:1: error: unknown type name ‘dsau’
code.c:56:14: error: expected ‘=’, ‘,’, ‘;’, ‘asm’ or ‘__attribute__’ before ‘<’ token
code.c:62:1: error: stray ‘#’ in program
code.c:62:1: error: unknown type name ‘dsau’
code.c:62:14: error: expected ‘=’, ‘,’, ‘;’, ‘asm’ or ‘__attribute__’ before ‘<’ token
code.c:68:1: error: stray ‘#’ in program
code.c:68:1: error: unknown type name ‘dsau’
code.c:68:14: error: expected ‘=’, ‘,’, ‘;’, ‘asm’ or ‘__attribute__’ before ‘<’ token
code.c:74:1: error: stray ‘#’ in program
code.c:74:1: error: unknown type name ‘dsau’
code.c:74:14: error: expected ‘=’, ‘,’, ‘;’, ‘asm’ or ‘__attribute__’ before ‘<’ token
code.c:80:1: error: stray ‘#’ in program
code.c:80:1: error: unknown type name ‘dsau’
code.c:80:14: error: expected ‘=’, ‘,’, ‘;’, ‘asm’ or ‘__attribute__’ before ‘<’ token
code.c:86:1: error: stray ‘#’ in program
code.c:86:1: error: unknown type name ‘dsau’
code.c:86:14: error: expected ‘=’, ‘,’, ‘;’, ‘asm’ or ‘__attribute__’ before ‘<’ token
code.c:92:1: error: stray ‘#’ in program
code.c:92:1: error: unknown type name ‘dsau’
code.c:92:14: error: expected ‘=’, ‘,’, ‘;’, ‘asm’ or ‘__attribute__’ before ‘<’ token
code.c:98:1: error: stray ‘#’ in program
code.c:98:1: error: unknown type name ‘dsau’
code.c:98:14: error: expected ‘=’, ‘,’, ‘;’, ‘asm’ or ‘__attribute__’ before ‘<’ token
code.c:104:1: error: stray ‘#’ in program
code.c:104:1: error: unknown type name ‘dsau’
code.c:104:14: error: expected ‘=’, ‘,’, ‘;’, ‘asm’ or ‘__attribute__’ before ‘<’ token
code.c:110:1: error: stray ‘#’ in program
code.c:110:1: error: unknown type name ‘dsau’
code.c:110:14: error: expected ‘=’, ‘,’, ‘;’, ‘asm’ or ‘__attribute__’ before ‘<’ token
code.c:116:1: error: stray ‘#’ in program
code.c:116:1: error: unknown type name ‘dsau’
code.c:116:14: error: expected ‘=’, ‘,’, ‘;’, ‘asm’ or ‘__attribute__’ before ‘<’ token
code.c:122:1: error: stray ‘#’ in program
code.c:122:1: error: unknown type name ‘dsau’
code.c:122:14: error: expected ‘=’, ‘,’, ‘;’, ‘asm’ or ‘__attribute__’ before ‘<’ token
code.c:128:1: error: stray ‘#’ in program
code.c:128:1: error: unknown type name ‘dsau’
code.c:128:14: error: expected ‘=’, ‘,’, ‘;’, ‘asm’ or ‘__attribute__’ before ‘<’ token
code.c:134:1: error: stray ‘#’ in program
code.c:134:1: error: unknown type name ‘dsau’
code.c:134:14: error: expected ‘=’, ‘,’, ‘;’, ‘asm’ or ‘__attribute__’ before ‘<’ token
code.c:140:1: error: stray ‘#’ in program
code.c:140:1: error: unknown type name ‘dsau’
code.c:140:14: error: expected ‘=’, ‘,’, ‘;’, ‘asm’ or ‘__attribute__’ before ‘<’ token
code.c:146:1: error: stray ‘#’ in program
code.c:146:1: error: unknown type name ‘dsau’
code.c:146:14: error: expected ‘=’, ‘,’, ‘;’, ‘asm’ or ‘__attribute__’ before ‘<’ token
code.c:152:1: error: stray ‘#’ in program
code.c:152:1: error: unknown type name ‘dsau’
code.c:152:14: error: expected ‘=’, ‘,’, ‘;’, ‘asm’ or ‘__attribute__’ before ‘<’ token
code.c:158:1: error: stray ‘#’ in program
code.c:158:1: error: unknown type name ‘dsau’
code.c:158:14: error: expected ‘=’, ‘,’, ‘;’, ‘asm’ or ‘__attribute__’ before ‘<’ token
code.c:164:1: error: stray ‘#’ in program
code.c:164:1: error: unknown type name ‘dsau’
code.c:164:14: error: expected ‘=’, ‘,’, ‘;’, ‘asm’ or ‘__attribute__’ before ‘<’ token
code.c:170:1: error: stray ‘#’ in program
code.c:170:1: error: unknown type name ‘dsau’
code.c:170:14: error: expected ‘=’, ‘,’, ‘;’, ‘asm’ or ‘__attribute__’ before ‘<’ token
code.c:176:1: error: stray ‘#’ in program
code.c:176:1: error: unknown type name ‘dsau’
code.c:176:14: error: expected ‘=’, ‘,’, ‘;’, ‘asm’ or ‘__attribute__’ before ‘<’ token
code.c:182:1: error: stray ‘#’ in program
code.c:182:1: error: unknown type name ‘dsau’
code.c:182:14: error: expected ‘=’, ‘,’, ‘;’, ‘asm’ or ‘__attribute__’ before ‘<’ token
code.c:188:1: error: stray ‘#’ in program
code.c:188:1: error: unknown type name ‘dsau’
code.c:188:14: error: expected ‘=’, ‘,’, ‘;’, ‘asm’ or ‘__attribute__’ before ‘<’ token
code.c:194:1: error: stray ‘#’ in program
code.c:194:1: error: unknown type name ‘dsau’
code.c:194:14: error: expected ‘=’, ‘,’, ‘;’, ‘asm’ or ‘__attribute__’ before ‘<’ token
code.c:200:1: error: stray ‘#’ in program
code.c:200:1: error: unknown type name ‘dsau’
code.c:200:14: error: expected ‘=’, ‘,’, ‘;’, ‘asm’ or ‘__attribute__’ before ‘<’ token
code.c:206:1: error: stray ‘#’ in program
code.c:206:1: error: unknown type name ‘dsau’
code.c:206:14: error: expected ‘=’, ‘,’, ‘;’, ‘asm’ or ‘__attribute__’ before ‘<’ token
code.c:212:1: error: stray ‘#’ in program
code.c:212:1: error: unknown type name ‘dsau’
code.c:212:14: error: expected ‘=’, ‘,’, ‘;’, ‘asm’ or ‘__attribute__’ before ‘<’ token
code.c:218:1: error: stray ‘#’ in program
code.c:218:1: error: unknown type name ‘dsau’
code.c:218:14: error: expected ‘=’, ‘,’, ‘;’, ‘asm’ or ‘__attribute__’ before ‘<’ token
code.c:224:1: error: stray ‘#’ in program
code.c:224:1: error: unknown type name ‘dsau’
code.c:224:14: error: expected ‘=’, ‘,’, ‘;’, ‘asm’ or ‘__attribute__’ before ‘<’ token
code.c:230:1: error: stray ‘#’ in program
code.c:230:1: error: unknown type name ‘dsau’
code.c:230:14: error: expected ‘=’, ‘,’, ‘;’, ‘asm’ or ‘__attribute__’ before ‘<’ token
code.c:236:1: error: stray ‘#’ in program
code.c:236:1: error: unknown type name ‘dsau’
code.c:236:14: error: expected ‘=’, ‘,’, ‘;’, ‘asm’ or ‘__attribute__’ before ‘<’ token
code.c:242:1: error: stray ‘#’ in program
code.c:242:1: error: unknown type name ‘dsau’
code.c:242:14: error: expected ‘=’, ‘,’, ‘;’, ‘asm’ or ‘__attribute__’ before ‘<’ token
code.c:248:1: error: stray ‘#’ in program
code.c:248:1: error: unknown type name ‘dsau’
code.c:248:14: error: expected ‘=’, ‘,’, ‘;’, ‘asm’ or ‘__attribute__’ before ‘<’ token
code.c:254:1: error: stray ‘#’ in program
code.c:254:1: error: unknown type name ‘dsau’
code.c:254:14: error: expected ‘=’, ‘,’, ‘;’, ‘asm’ or ‘__attribute__’ before ‘<’ token
code.c:260:1: error: stray ‘#’ in program
code.c:260:1: error: unknown type name ‘dsau’
code.c:260:14: error: expected ‘=’, ‘,’, ‘;’, ‘asm’ or ‘__attribute__’ before ‘<’ token
code.c:266:1: error: stray ‘#’ in program
code.c:266:1: error: unknown type name ‘dsau’
code.c:266:14: error: expected ‘=’, ‘,’, ‘;’, ‘asm’ or ‘__attribute__’ before ‘<’ token
code.c:272:1: error: stray ‘#’ in program
code.c:272:1: error: unknown type name ‘dsau’
code.c:272:14: error: expected ‘=’, ‘,’, ‘;’, ‘asm’ or ‘__attribute__’ before ‘<’ token
code.c:278:1: error: stray ‘#’ in program
code.c:278:1: error: unknown type name ‘dsau’
code.c:278:14: error: expected ‘=’, ‘,’, ‘;’, ‘asm’ or ‘__attribute__’ before ‘<’ token
code.c:284:1: error: stray ‘#’ in program
code.c:284:1: error: unknown type name ‘dsau’
code.c:284:14: error: expected ‘=’, ‘,’, ‘;’, ‘asm’ or ‘__attribute__’ before ‘<’ token
code.c:290:1: error: stray ‘#’ in program
code.c:290:1: error: unknown type name ‘dsau’
code.c:290:14: error: expected ‘=’, ‘,’, ‘;’, ‘asm’ or ‘__attribute__’ before ‘<’ token
code.c:296:1: error: stray ‘#’ in program
code.c:296:1: error: unknown type name ‘dsau’
code.c:296:14: error: expected ‘=’, ‘,’, ‘;’, ‘asm’ or ‘__attribute__’ before ‘<’ token
code.c:302:1: error: stray ‘#’ in program
code.c:302:1: error: unknown type name ‘dsau’
code.c:302:14: error: expected ‘=’, ‘,’, ‘;’, ‘asm’ or ‘__attribute__’ before ‘<’ token
code.c:308:1: error: stray ‘#’ in program
code.c:308:1: error: unknown type name ‘dsau’
code.c:308:14: error: expected ‘=’, ‘,’, ‘;’, ‘asm’ or ‘__attribute__’ before ‘<’ token
code.c:314:1: error: stray ‘#’ in program
code.c:314:1: error: unknown type name ‘dsau’
code.c:314:14: error: expected ‘=’, ‘,’, ‘;’, ‘asm’ or ‘__attribute__’ before ‘<’ token
code.c:320:1: error: stray ‘#’ in program
code.c:320:1: error: unknown type name ‘dsau’
code.c:320:14: error: expected ‘=’, ‘,’, ‘;’, ‘asm’ or ‘__attribute__’ before ‘<’ token
code.c:326:1: error: stray ‘#’ in program
code.c:326:1: error: unknown type name ‘dsau’
code.c:326:14: error: expected ‘=’, ‘,’, ‘;’, ‘asm’ or ‘__attribute__’ before ‘<’ token
code.c:332:1: error: stray ‘#’ in program
code.c:332:1: error: unknown type name ‘dsau’
code.c:332:14: error: expected ‘=’, ‘,’, ‘;’, ‘asm’ or ‘__attribute__’ before ‘<’ token
code.c:338:1: error: stray ‘#’ in program
code.c:338:1: error: unknown type name ‘dsau’
code.c:338:14: error: expected ‘=’, ‘,’, ‘;’, ‘asm’ or ‘__attribute__’ before ‘<’ token
code.c:344:1: error: stray ‘#’ in program
code.c:344:1: error: unknown type name ‘dsau’
code.c:344:14: error: expected ‘=’, ‘,’, ‘;’, ‘asm’ or ‘__attribute__’ before ‘<’ token
code.c:350:1: error: stray ‘#’ in program
code.c:350:1: error: unknown type name ‘dsau’
code.c:350:14: error: expected ‘=’, ‘,’, ‘;’, ‘asm’ or ‘__attribute__’ before ‘<’ token
code.c:356:1: error: stray ‘#’ in program
code.c:356:1: error: unknown type name ‘dsau’
code.c:356:14: error: expected ‘=’, ‘,’, ‘;’, ‘asm’ or ‘__attribute__’ before ‘<’ token
code.c:362:1: error: stray ‘#’ in program
code.c:362:1: error: unknown type name ‘dsau’
code.c:362:14: error: expected ‘=’, ‘,’, ‘;’, ‘asm’ or ‘__attribute__’ before ‘<’ token
code.c:368:1: error: stray ‘#’ in program
code.c:368:1: error: unknown type name ‘dsau’
code.c:368:14: error: expected ‘=’, ‘,’, ‘;’, ‘asm’ or ‘__attribute__’ before ‘<’ token
code.c:374:1: error: stray ‘#’ in program
code.c:374:1: error: unknown type name ‘dsau’
code.c:374:14: error: expected ‘=’, ‘,’, ‘;’, ‘asm’ or ‘__attribute__’ before ‘<’ token
code.c:380:1: error: stray ‘#’ in program
code.c:380:1: error: unknown type name ‘dsau’
code.c:380:14: error: expected ‘=’, ‘,’, ‘;’, ‘asm’ or ‘__attribute__’ before ‘<’ token
code.c:386:1: error: stray ‘#’ in program
code.c:386:1: error: unknown type name ‘dsau’
code.c:386:14: error: expected ‘=’, ‘,’, ‘;’, ‘asm’ or ‘__attribute__’ before ‘<’ token
code.c:392:1: error: stray ‘#’ in program
code.c:392:1: error: unknown type name ‘dsau’
code.c:392:14: error: expected ‘=’, ‘,’, ‘;’, ‘asm’ or ‘__attribute__’ before ‘<’ token
code.c:398:1: error: stray ‘#’ in program
code.c:398:1: error: unknown type name ‘dsau’
code.c:398:14: error: expected ‘=’, ‘,’, ‘;’, ‘asm’ or ‘__attribute__’ before ‘<’ token
code.c:404:1: error: stray ‘#’ in program
code.c:404:1: error: unknown type name ‘dsau’
code.c:404:14: error: expected ‘=’, ‘,’, ‘;’, ‘asm’ or ‘__attribute__’ before ‘<’ token
code.c:410:1: error: stray ‘#’ in program
code.c:410:1: error: unknown type name ‘dsau’
code.c:410:14: error: expected ‘=’, ‘,’, ‘;’, ‘asm’ or ‘__attribute__’ before ‘<’ token
code.c:416:1: error: stray ‘#’ in program
code.c:416:1: error: unknown type name ‘dsau’
code.c:416:14: error: expected ‘=’, ‘,’, ‘;’, ‘asm’ or ‘__attribute__’ before ‘<’ token
code.c:422:1: error: stray ‘#’ in program
code.c:422:1: error: unknown type name ‘dsau’
code.c:422:14: error: expected ‘=’, ‘,’, ‘;’, ‘asm’ or ‘__attribute__’ before ‘<’ token
code.c:428:1: error: stray ‘#’ in program
code.c:428:1: error: unknown type name ‘dsau’
code.c:428:14: error: expected ‘=’, ‘,’, ‘;’, ‘asm’ or ‘__attribute__’ before ‘<’ token
code.c:434:1: error: stray ‘#’ in program
code.c:434:1: error: unknown type name ‘dsau’
code.c:434:14: error: expected ‘=’, ‘,’, ‘;’, ‘asm’ or ‘__attribute__’ before ‘<’ token
code.c:440:1: error: stray ‘#’ in program
code.c:440:1: error: unknown type name ‘dsau’
code.c:440:14: error: expected ‘=’, ‘,’, ‘;’, ‘asm’ or ‘__attribute__’ before ‘<’ token
code.c:446:1: error: stray ‘#’ in program
code.c:446:1: error: unknown type name ‘dsau’
code.c:446:14: error: expected ‘=’, ‘,’, ‘;’, ‘asm’ or ‘__attribute__’ before ‘<’ token
code.c:452:1: error: stray ‘#’ in program
code.c:452:1: error: unknown type name ‘dsau’
code.c:452:14: error: expected ‘=’, ‘,’, ‘;’, ‘asm’ or ‘__attribute__’ before ‘<’ token
code.c:458:1: error: stray ‘#’ in program
code.c:458:1: error: unknown type name ‘dsau’
code.c:458:14: error: expected ‘=’, ‘,’, ‘;’, ‘asm’ or ‘__attribute__’ before ‘<’ token
code.c:464:1: error: stray ‘#’ in program
code.c:464:1: error: unknown type name ‘dsau’
code.c:464:14: error: expected ‘=’, ‘,’, ‘;’, ‘asm’ or ‘__attribute__’ before ‘<’ token
code.c:470:1: error: stray ‘#’ in program
code.c:470:1: error: unknown type name ‘dsau’
code.c:470:14: error: expected ‘=’, ‘,’, ‘;’, ‘asm’ or ‘__attribute__’ before ‘<’ token
code.c:476:1: error: stray ‘#’ in program
code.c:476:1: error: unknown type name ‘dsau’
code.c:476:14: error: expected ‘=’, ‘,’, ‘;’, ‘asm’ or ‘__attribute__’ before ‘<’ token
code.c:482:1: error: stray ‘#’ in program
code.c:482:1: error: unknown type name ‘dsau’
code.c:482:14: error: expected ‘=’, ‘,’, ‘;’, ‘asm’ or ‘__attribute__’ before ‘<’ token
code.c:488:1: error: stray ‘#’ in program
code.c:488:1: error: unknown type name ‘dsau’
code.c:488:14: error: expected ‘=’, ‘,’, ‘;’, ‘asm’ or ‘__attribute__’ before ‘<’ token
code.c:494:1: error: stray ‘#’ in program
code.c:494:1: error: unknown type name ‘dsau’
code.c:494:14: error: expected ‘=’, ‘,’, ‘;’, ‘asm’ or ‘__attribute__’ before ‘<’ token
code.c:500:1: error: stray ‘#’ in program
code.c:500:1: error: unknown type name ‘dsau’
code.c:500:14: error: expected ‘=’, ‘,’, ‘;’, ‘asm’ or ‘__attribute__’ before ‘<’ token
code.c:506:1: error: stray ‘#’ in program
code.c:506:1: error: unknown type name ‘dsau’
code.c:506:14: error: expected ‘=’, ‘,’, ‘;’, ‘asm’ or ‘__attribute__’ before ‘<’ token
code.c:512:1: error: stray ‘#’ in program
code.c:512:1: error: unknown type name ‘dsau’
code.c:512:14: error: expected ‘=’, ‘,’, ‘;’, ‘asm’ or ‘__attribute__’ before ‘<’ token
code.c:518:1: error: stray ‘#’ in program
code.c:518:1: error: unknown type name ‘dsau’
code.c:518:14: error: expected ‘=’, ‘,’, ‘;’, ‘asm’ or ‘__attribute__’ before ‘<’ token
code.c:524:1: error: stray ‘#’ in program
code.c:524:1: error: unknown type name ‘dsau’
code.c:524:14: error: expected ‘=’, ‘,’, ‘;’, ‘asm’ or ‘__attribute__’ before ‘<’ token
code.c:530:1: error: stray ‘#’ in program
code.c:530:1: error: unknown type name ‘dsau’
code.c:530:14: error: expected ‘=’, ‘,’, ‘;’, ‘asm’ or ‘__attribute__’ before ‘<’ token
code.c:536:1: error: stray ‘#’ in program
code.c:536:1: error: unknown type name ‘dsau’
code.c:536:14: error: expected ‘=’, ‘,’, ‘;’, ‘asm’ or ‘__attribute__’ before ‘<’ token
code.c:542:1: error: stray ‘#’ in program
code.c:542:1: error: unknown type name ‘dsau’
code.c:542:14: error: expected ‘=’, ‘,’, ‘;’, ‘asm’ or ‘__attribute__’ before ‘<’ token
code.c:548:1: error: stray ‘#’ in program
code.c:548:1: error: unknown type name ‘dsau’
code.c:548:14: error: expected ‘=’, ‘,’, ‘;’, ‘asm’ or ‘__attribute__’ before ‘<’ token
code.c:554:1: error: stray ‘#’ in program
code.c:554:1: error: unknown type name ‘dsau’
code.c:554:14: error: expected ‘=’, ‘,’, ‘;’, ‘asm’ or ‘__attribute__’ before ‘<’ token
code.c:560:1: error: stray ‘#’ in program
code.c:560:1: error: unknown type name ‘dsau’
code.c:560:14: error: expected ‘=’, ‘,’, ‘;’, ‘asm’ or ‘__attribute__’ before ‘<’ token
code.c:566:1: error: stray ‘#’ in program
code.c:566:1: error: unknown type name ‘dsau’
code.c:566:14: error: expected ‘=’, ‘,’, ‘;’, ‘asm’ or ‘__attribute__’ before ‘<’ token
code.c:572:1: error: stray ‘#’ in program
code.c:572:1: error: unknown type name ‘dsau’
code.c:572:14: error: expected ‘=’, ‘,’, ‘;’, ‘asm’ or ‘__attribute__’ before ‘<’ token
code.c:578:1: error: stray ‘#’ in program
code.c:578:1: error: unknown type name ‘dsau’
code.c:578:14: error: expected ‘=’, ‘,’, ‘;’, ‘asm’ or ‘__attribute__’ before ‘<’ token
code.c:584:1: error: stray ‘#’ in program
code.c:584:1: error: unknown type name ‘dsau’
code.c:584:14: error: expected ‘=’, ‘,’, ‘;’, ‘asm’ or ‘__attribute__’ before ‘<’ token
code.c:590:1: error: stray ‘#’ in program
code.c:590:1: error: unknown type name ‘dsau’
code.c:590:14: error: expected ‘=’, ‘,’, ‘;’, ‘asm’ or ‘__attribute__’ before ‘<’ token
code.c:596:1: error: stray ‘#’ in program
code.c:596:1: error: unknown type name ‘dsau’
code.c:596:14: error: expected ‘=’, ‘,’, ‘;’, ‘asm’ or ‘__attribute__’ before ‘<’ token
code.c:602:1: error: stray ‘#’ in program
code.c:602:1: error: unknown type name ‘dsau’
code.c:602:14: error: expected ‘=’, ‘,’, ‘;’, ‘asm’ or ‘__attribute__’ before ‘<’ token
code.c:608:1: error: stray ‘#’ in program
code.c:608:1: error: unknown type name ‘dsau’
code.c:608:14: error: expected ‘=’, ‘,’, ‘;’, ‘asm’ or ‘__attribute__’ before ‘<’ token
code.c:614:1: error: stray ‘#’ in program
code.c:614:1: error: unknown type name ‘dsau’
code.c:614:14: error: expected ‘=’, ‘,’, ‘;’, ‘asm’ or ‘__attribute__’ before ‘<’ token
code.c:620:1: error: stray ‘#’ in program
code.c:620:1: error: unknown type name ‘dsau’
code.c:620:14: error: expected ‘=’, ‘,’, ‘;’, ‘asm’ or ‘__attribute__’ before ‘<’ token
code.c:626:1: error: stray ‘#’ in program
code.c:626:1: error: unknown type name ‘dsau’
code.c:626:14: error: expected ‘=’, ‘,’, ‘;’, ‘asm’ or ‘__attribute__’ before ‘<’ token
code.c:632:1: error: stray ‘#’ in program
code.c:632:1: error: unknown type name ‘dsau’
code.c:632:14: error: expected ‘=’, ‘,’, ‘;’, ‘asm’ or ‘__attribute__’ before ‘<’ token
code.c:638:1: error: stray ‘#’ in program
code.c:638:1: error: unknown type name ‘dsau’
code.c:638:14: error: expected ‘=’, ‘,’, ‘;’, ‘asm’ or ‘__attribute__’ before ‘<’ token
code.c:644:1: error: stray ‘#’ in program
code.c:644:1: error: unknown type name ‘dsau’
code.c:644:14: error: expected ‘=’, ‘,’, ‘;’, ‘asm’ or ‘__attribute__’ before ‘<’ token
code.c:650:1: error: stray ‘#’ in program
code.c:650:1: error: unknown type name ‘dsau’
code.c:650:14: error: expected ‘=’, ‘,’, ‘;’, ‘asm’ or ‘__attribute__’ before ‘<’ token
code.c:656:1: error: stray ‘#’ in program
code.c:656:1: error: unknown type name ‘dsau’
code.c:656:14: error: expected ‘=’, ‘,’, ‘;’, ‘asm’ or ‘__attribute__’ before ‘<’ token
code.c:662:1: error: stray ‘#’ in program
code.c:662:1: error: unknown type name ‘dsau’
code.c:662:14: error: expected ‘=’, ‘,’, ‘;’, ‘asm’ or ‘__attribute__’ before ‘<’ token
code.c:668:1: error: stray ‘#’ in program
code.c:668:1: error: unknown type name ‘dsau’
code.c:668:14: error: expected ‘=’, ‘,’, ‘;’, ‘asm’ or ‘__attribute__’ before ‘<’ token
code.c:674:1: error: stray ‘#’ in program
code.c:674:1: error: unknown type name ‘dsau’
code.c:674:14: error: expected ‘=’, ‘,’, ‘;’, ‘asm’ or ‘__attribute__’ before ‘<’ token
code.c:680:1: error: stray ‘#’ in program
code.c:680:1: error: unknown type name ‘dsau’
code.c:680:14: error: expected ‘=’, ‘,’, ‘;’, ‘asm’ or ‘__attribute__’ before ‘<’ token
code.c:686:1: error: stray ‘#’ in program
code.c:686:1: error: unknown type name ‘dsau’
code.c:686:14: error: expected ‘=’, ‘,’, ‘;’, ‘asm’ or ‘__attribute__’ before ‘<’ token
code.c:692:1: error: expected ‘=’, ‘,’, ‘;’, ‘asm’ or ‘__attribute__’ at end of input
